# JRE version: OpenJDK Runtime Environment (8.0_152-b02) (build 1.8.0_152-release-1024-b02)
# Java VM: OpenJDK 64-Bit Server VM (25.152-b02 mixed mode windows-amd64 compressed oops)
Heap:
 PSYoungGen      total 76800K, used 39123K [0x00000000e0000000, 0x00000000e5b00000, 0x0000000100000000)
  eden space 66048K, 59% used [0x00000000e0000000,0x00000000e2634d50,0x00000000e4080000)
  from space 10752K, 0% used [0x00000000e4a80000,0x00000000e4a80000,0x00000000e5500000)
  to   space 10240K, 0% used [0x00000000e4080000,0x00000000e4080000,0x00000000e4a80000)
 ParOldGen       total 77824K, used 14087K [0x00000000a0000000, 0x00000000a4c00000, 0x00000000e0000000)
  object space 77824K, 18% used [0x00000000a0000000,0x00000000a0dc1f88,0x00000000a4c00000)
 Metaspace       used 36565K, capacity 37210K, committed 37544K, reserved 1081344K
  class space    used 5018K, capacity 5237K, committed 5296K, reserved 1048576K
GC Heap History (10 events):
Event: 10.195 GC heap before
{Heap before GC invocations=8 (full 1):
 PSYoungGen      total 43008K, used 36784K [0x00000000e0000000, 0x00000000e4500000, 0x0000000100000000)
  eden space 32768K, 100% used [0x00000000e0000000,0x00000000e2000000,0x00000000e2000000)
  from space 10240K, 39% used [0x00000000e2a00000,0x00000000e2dec120,0x00000000e3400000)
  to   space 10240K, 0% used [0x00000000e2000000,0x00000000e2000000,0x00000000e2a00000)
 ParOldGen       total 60928K, used 8024K [0x00000000a0000000, 0x00000000a3b80000, 0x00000000e0000000)
  object space 60928K, 13% used [0x00000000a0000000,0x00000000a07d6320,0x00000000a3b80000)
 Metaspace       used 26586K, capacity 27068K, committed 27184K, reserved 1073152K
  class space    used 3672K, capacity 3833K, committed 3888K, reserved 1048576K
Event: 10.203 GC heap after
Heap after GC invocations=8 (full 1):
 PSYoungGen      total 43008K, used 4732K [0x00000000e0000000, 0x00000000e4380000, 0x0000000100000000)
  eden space 32768K, 0% used [0x00000000e0000000,0x00000000e0000000,0x00000000e2000000)
  from space 10240K, 46% used [0x00000000e2000000,0x00000000e249f1f0,0x00000000e2a00000)
  to   space 9728K, 0% used [0x00000000e3a00000,0x00000000e3a00000,0x00000000e4380000)
 ParOldGen       total 60928K, used 8032K [0x00000000a0000000, 0x00000000a3b80000, 0x00000000e0000000)
  object space 60928K, 13% used [0x00000000a0000000,0x00000000a07d8320,0x00000000a3b80000)
 Metaspace       used 26586K, capacity 27068K, committed 27184K, reserved 1073152K
  class space    used 3672K, capacity 3833K, committed 3888K, reserved 1048576K
}
Event: 10.863 GC heap before
{Heap before GC invocations=9 (full 1):
 PSYoungGen      total 43008K, used 37500K [0x00000000e0000000, 0x00000000e4380000, 0x0000000100000000)
  eden space 32768K, 100% used [0x00000000e0000000,0x00000000e2000000,0x00000000e2000000)
  from space 10240K, 46% used [0x00000000e2000000,0x00000000e249f1f0,0x00000000e2a00000)
  to   space 9728K, 0% used [0x00000000e3a00000,0x00000000e3a00000,0x00000000e4380000)
 ParOldGen       total 60928K, used 8032K [0x00000000a0000000, 0x00000000a3b80000, 0x00000000e0000000)
  object space 60928K, 13% used [0x00000000a0000000,0x00000000a07d8320,0x00000000a3b80000)
 Metaspace       used 28613K, capacity 29084K, committed 29360K, reserved 1075200K
  class space    used 4012K, capacity 4185K, committed 4272K, reserved 1048576K
Event: 10.875 GC heap after
Heap after GC invocations=9 (full 1):
 PSYoungGen      total 59392K, used 5870K [0x00000000e0000000, 0x00000000e4580000, 0x0000000100000000)
  eden space 49664K, 0% used [0x00000000e0000000,0x00000000e0000000,0x00000000e3080000)
  from space 9728K, 60% used [0x00000000e3a00000,0x00000000e3fbb990,0x00000000e4380000)
  to   space 9728K, 0% used [0x00000000e3080000,0x00000000e3080000,0x00000000e3a00000)
 ParOldGen       total 60928K, used 8032K [0x00000000a0000000, 0x00000000a3b80000, 0x00000000e0000000)
  object space 60928K, 13% used [0x00000000a0000000,0x00000000a07d8320,0x00000000a3b80000)
 Metaspace       used 28613K, capacity 29084K, committed 29360K, reserved 1075200K
  class space    used 4012K, capacity 4185K, committed 4272K, reserved 1048576K
}
Event: 30.896 GC heap before
{Heap before GC invocations=10 (full 1):
 PSYoungGen      total 59392K, used 55534K [0x00000000e0000000, 0x00000000e4580000, 0x0000000100000000)
  eden space 49664K, 100% used [0x00000000e0000000,0x00000000e3080000,0x00000000e3080000)
  from space 9728K, 60% used [0x00000000e3a00000,0x00000000e3fbb990,0x00000000e4380000)
  to   space 9728K, 0% used [0x00000000e3080000,0x00000000e3080000,0x00000000e3a00000)
 ParOldGen       total 60928K, used 8032K [0x00000000a0000000, 0x00000000a3b80000, 0x00000000e0000000)
  object space 60928K, 13% used [0x00000000a0000000,0x00000000a07d8320,0x00000000a3b80000)
 Metaspace       used 33947K, capacity 34562K, committed 34736K, reserved 1079296K
  class space    used 4721K, capacity 4929K, committed 5040K, reserved 1048576K
Event: 30.917 GC heap after
Heap after GC invocations=10 (full 1):
 PSYoungGen      total 59392K, used 9720K [0x00000000e0000000, 0x00000000e5500000, 0x0000000100000000)
  eden space 49664K, 0% used [0x00000000e0000000,0x00000000e0000000,0x00000000e3080000)
  from space 9728K, 99% used [0x00000000e3080000,0x00000000e39fe118,0x00000000e3a00000)
  to   space 10752K, 0% used [0x00000000e4a80000,0x00000000e4a80000,0x00000000e5500000)
 ParOldGen       total 60928K, used 8359K [0x00000000a0000000, 0x00000000a3b80000, 0x00000000e0000000)
  object space 60928K, 13% used [0x00000000a0000000,0x00000000a0829c88,0x00000000a3b80000)
 Metaspace       used 33947K, capacity 34562K, committed 34736K, reserved 1079296K
  class space    used 4721K, capacity 4929K, committed 5040K, reserved 1048576K
}
Event: 31.175 GC heap before
{Heap before GC invocations=11 (full 1):
 PSYoungGen      total 59392K, used 14312K [0x00000000e0000000, 0x00000000e5500000, 0x0000000100000000)
  eden space 49664K, 9% used [0x00000000e0000000,0x00000000e047c228,0x00000000e3080000)
  from space 9728K, 99% used [0x00000000e3080000,0x00000000e39fe118,0x00000000e3a00000)
  to   space 10752K, 0% used [0x00000000e4a80000,0x00000000e4a80000,0x00000000e5500000)
 ParOldGen       total 60928K, used 8359K [0x00000000a0000000, 0x00000000a3b80000, 0x00000000e0000000)
  object space 60928K, 13% used [0x00000000a0000000,0x00000000a0829c88,0x00000000a3b80000)
 Metaspace       used 34791K, capacity 35354K, committed 35496K, reserved 1079296K
  class space    used 4797K, capacity 5003K, committed 5040K, reserved 1048576K
Event: 31.195 GC heap after
Heap after GC invocations=11 (full 1):
 PSYoungGen      total 76800K, used 5925K [0x00000000e0000000, 0x00000000e5b00000, 0x0000000100000000)
  eden space 66048K, 0% used [0x00000000e0000000,0x00000000e0000000,0x00000000e4080000)
  from space 10752K, 55% used [0x00000000e4a80000,0x00000000e50496e8,0x00000000e5500000)
  to   space 10240K, 0% used [0x00000000e4080000,0x00000000e4080000,0x00000000e4a80000)
 ParOldGen       total 60928K, used 9867K [0x00000000a0000000, 0x00000000a3b80000, 0x00000000e0000000)
  object space 60928K, 16% used [0x00000000a0000000,0x00000000a09a2d08,0x00000000a3b80000)
 Metaspace       used 34791K, capacity 35354K, committed 35496K, reserved 1079296K
  class space    used 4797K, capacity 5003K, committed 5040K, reserved 1048576K
}
Event: 31.195 GC heap before
{Heap before GC invocations=12 (full 2):
 PSYoungGen      total 76800K, used 5925K [0x00000000e0000000, 0x00000000e5b00000, 0x0000000100000000)
  eden space 66048K, 0% used [0x00000000e0000000,0x00000000e0000000,0x00000000e4080000)
  from space 10752K, 55% used [0x00000000e4a80000,0x00000000e50496e8,0x00000000e5500000)
  to   space 10240K, 0% used [0x00000000e4080000,0x00000000e4080000,0x00000000e4a80000)
 ParOldGen       total 60928K, used 9867K [0x00000000a0000000, 0x00000000a3b80000, 0x00000000e0000000)
  object space 60928K, 16% used [0x00000000a0000000,0x00000000a09a2d08,0x00000000a3b80000)
 Metaspace       used 34791K, capacity 35354K, committed 35496K, reserved 1079296K
  class space    used 4797K, capacity 5003K, committed 5040K, reserved 1048576K
Event: 31.345 GC heap after
Heap after GC invocations=12 (full 2):
 PSYoungGen      total 76800K, used 0K [0x00000000e0000000, 0x00000000e5b00000, 0x0000000100000000)
  eden space 66048K, 0% used [0x00000000e0000000,0x00000000e0000000,0x00000000e4080000)
  from space 10752K, 0% used [0x00000000e4a80000,0x00000000e4a80000,0x00000000e5500000)
  to   space 10240K, 0% used [0x00000000e4080000,0x00000000e4080000,0x00000000e4a80000)
 ParOldGen       total 77824K, used 14087K [0x00000000a0000000, 0x00000000a4c00000, 0x00000000e0000000)
  object space 77824K, 18% used [0x00000000a0000000,0x00000000a0dc1f88,0x00000000a4c00000)
 Metaspace       used 34791K, capacity 35354K, committed 35496K, reserved 1079296K
  class space    used 4797K, capacity 5003K, committed 5040K, reserved 1048576K
}

